0 info it worked if it ends with ok
1 verbose cli [ 'C:\\Program Files\\nodejs\\node.exe',
1 verbose cli   'C:\\Program Files\\nodejs\\node_modules\\npm\\bin\\npm-cli.js',
1 verbose cli   'run',
1 verbose cli   'dev' ]
2 info using npm@3.10.10
3 info using node@v6.11.1
4 verbose run-script [ 'predev', 'dev', 'postdev' ]
5 info lifecycle vue-cli@~predev: vue-cli@
6 silly lifecycle vue-cli@~predev: no script for predev, continuing
7 info lifecycle vue-cli@~dev: vue-cli@
8 verbose lifecycle vue-cli@~dev: unsafe-perm in lifecycle true
9 verbose lifecycle vue-cli@~dev: PATH: C:\Program Files\nodejs\node_modules\npm\bin\node-gyp-bin;C:\Users\pleduc\Documents\Homework\VueJS\TP - VueJS\Exercice 7 Time to Practice - Component Communication\node_modules\.bin;C:\Program Files (x86)\Intel\iCLS Client\;C:\Program Files\Intel\iCLS Client\;C:\windows\system32;C:\windows;C:\windows\System32\Wbem;C:\windows\System32\WindowsPowerShell\v1.0\;C:\Program Files\Intel\WiFi\bin\;C:\Program Files\Common Files\Intel\WirelessCommon\;C:\Program Files\Intel\Intel(R) Management Engine Components\DAL;C:\Program Files (x86)\Intel\Intel(R) Management Engine Components\DAL;C:\Program Files\Intel\Intel(R) Management Engine Components\IPT;C:\Program Files (x86)\Intel\Intel(R) Management Engine Components\IPT;C:\Program Files (x86)\OpenVPN\bin;C:\Program Files (x86)\Microsoft SQL Server\Client SDK\ODBC\110\Tools\Binn\;C:\Program Files (x86)\Microsoft SQL Server\120\Tools\Binn\;C:\Program Files (x86)\Microsoft SQL Server\120\DTS\Binn\;C:\Program Files (x86)\Microsoft SQL Server\120\Tools\Binn\ManagementStudio\;C:\Program Files\Microsoft SQL Server\120\Tools\Binn\;C:\Program Files\Microsoft\Web Platform Installer\;C:\Program Files\Microsoft SQL Server\130\Tools\Binn\;C:\Program Files\Git\cmd;C:\Program Files\MongoDB\Server\3.2\bin;C:\Program Files\dotnet\;C:\Program Files\Microsoft SQL Server\120\DTS\Binn\;C:\Program Files (x86)\Microsoft SQL Server\110\DTS\Binn\;C:\Program Files (x86)\Microsoft SQL Server\130\DTS\Binn\;C:\Program Files (x86)\Skype\Phone\;C:\Program Files\nodejs\;C:\Users\pleduc\Anaconda3;C:\Users\pleduc\Anaconda3\Scripts;C:\Users\pleduc\Anaconda3\Library\bin;C:\Users\pleduc\.dnx\bin;C:\Program Files (x86)\Microsoft VS Code\bin;C:\Users\pleduc\AppData\Local\.meteor\;C:\Users\pleduc\AppData\Roaming\npm
10 verbose lifecycle vue-cli@~dev: CWD: C:\Users\pleduc\Documents\Homework\VueJS\TP - VueJS\Exercice 7 Time to Practice - Component Communication
11 silly lifecycle vue-cli@~dev: Args: [ '/d /s /c',
11 silly lifecycle   'cross-env NODE_ENV=development webpack-dev-server --open --inline --hot' ]
12 verbose stack Error: kill ENOSYS
12 verbose stack     at exports._errnoException (util.js:1018:11)
12 verbose stack     at process.kill (internal/process.js:190:13)
12 verbose stack     at process.listener (C:\Program Files\nodejs\node_modules\npm\node_modules\npmlog\node_modules\gauge\node_modules\signal-exit\index.js:86:15)
12 verbose stack     at emitNone (events.js:91:20)
12 verbose stack     at process.emit (events.js:185:7)
12 verbose stack     at processEmit (C:\Program Files\nodejs\node_modules\npm\node_modules\npmlog\node_modules\gauge\node_modules\signal-exit\index.js:146:32)
12 verbose stack     at processEmit (C:\Program Files\nodejs\node_modules\npm\node_modules\npm-registry-client\node_modules\npmlog\node_modules\gauge\node_modules\signal-exit\index.js:146:32)
12 verbose stack     at Signal.wrap.onsignal (internal/process.js:217:44)
13 verbose cwd C:\Users\pleduc\Documents\Homework\VueJS\TP - VueJS\Exercice 7 Time to Practice - Component Communication
14 error Windows_NT 6.1.7601
15 error argv "C:\\Program Files\\nodejs\\node.exe" "C:\\Program Files\\nodejs\\node_modules\\npm\\bin\\npm-cli.js" "run" "dev"
16 error node v6.11.1
17 error npm  v3.10.10
18 error code ENOSYS
19 error errno ENOSYS
20 error syscall kill
21 error kill ENOSYS
22 error If you need help, you may report this error at:
22 error     <https://github.com/npm/npm/issues>
23 verbose exit [ 1, true ]
